2026-07-24 Q1 消融实验 + 重度消融 + 可视化更新

03:30 实现 step5.0_ablation.py Q1部分:
  - 特征层逐级消融: L1→L1+L2→+L3→+L4→+L5→+L2+
  - FILT_NTU轻度消融(仅原值)
  - FILT_NTU重度消融(全部17个相关特征: 原值+滞后+聚合+幂次)
  - 5折TimeSeriesSplit, XGBoost统一评估

03:35 消融结果:
  L1 only(21维):              R2=-0.139  原始传感器无法预测
  L1+L2(30维):                R2= 0.300  ← 物理衍生是最大单次增益(+0.44)
  L1+L2+L3(45维):             R2= 0.304  L3历史滞后几乎无增益(+0.004)
  L1+L2+L3+L4(85维):          R2= 0.340  趋势/波动小幅贡献(+0.036)
  +L5(89维):                  R2= 0.358  ★最优, 交互特征微量提升(+0.018)
  +L2+(101维):                 R2= 0.346  幂次项反而下降(-0.012)
  remove FILT_NTU(raw)(100维): R2= 0.346  删原值不影响(17个衍生版补偿)
  remove ALL_FILT(17)(84维):   R2= 0.202  删全部, 断崖下跌(-0.144)

03:40 核心发现:
  1. 物理衍生(L2)是最大单次增益 — 传感器原始读数几乎不可直接预测NTU
  2. 历史滞后(L3)对树模型几乎无增益 — 当前值已足够, 时序价值在Q2/Q3体现
  3. 幂次项(L2+)反而降低XGBoost精度 — 树内部已学非线性, 预计算冗余
  4. FILT_NTU系列占R2的42% — 只删原值不影响, 删全部17个才见真实影响
  5. 最优配置: L1+L2+L3+L4+L5(89维), 无需L2+幂次项

03:45 step1.5更新:
  - 新增 q1_ablation_bar.png (消融R2递进柱状图)
  - 更新 GAM 偏依赖图 (3×2布局)
  - 所有图表颜色统一, 300dpi

03:50 目录整理: 创建 results/tables + results/figures, 复制全部1_1输出

03:55 commit: feat(results): Q1 results - tables & figures + docs: Q1 error system analysis
