2026-07-23 项目启动与建模方案确立

21:00 选定B题「自来水厂水质预测与评估」，完成题目逐句解析、小问划分、题型分类
21:15 完成数据探索：4380行×21列，关键统计(极右偏+强自相关+季节性)，数据质量问题标记
21:30 建模方案确立：双源RF元学习器 + 物理溶解7层 + L1-L5五级特征金字塔
21:40 文档体系初始化：sum_1 + specs + PLAN.md + migration_prompt 全部落笔
21:45 代码骨架创建：20个step*.py空文件（math-name命名），Reference/目录结构建立
21:50 硬约束锁定：CONSTITUTION.md 30条 + INDEX.md 全映射框架

完成态: 文档体系就绪，代码骨架就绪，等待 Stage 0 (数据预处理) 编码启动

2026-07-23 完整数学推导文档

22:30 创建 PLAN-details.md (800+行): Q1-Q4逐小问变量定义表、核心假设论证、公式分步推导(Box-Cox/SHAP/MIC/TE/TCN/GRU/CSTR/N-BEATS/Sobol/熵权/Jenks DP/Kappa)每步标注物理意义
22:35 创建 Mermaid建模流程图×5 (Q1-Q4各一张+全题依赖DAG)
22:40 更新 migration_prompt.md: 新增PLAN-details.md为必读项
完成态: 数学建模文档完备——sum_1(方案)+specs(架构)+PLAN.md(计划)+PLAN-details.md(数学推导) 四层文档体系就绪

2026-07-23 补充三处建模缺口

23:00 补充PLAN-details.md:
  - 4.3.3: CSTR级数N的KS距离拟合(式42b-42d, N in 1..15)
  - 4.3.4: 工况感知门控机制完整数学定义(式42e-42i):
    gate_output(softmax特征层权重), anomaly_score(马氏距离), confidence(tanh聚合)
  - 6: 2025→2026跨年度数据推理策略(6.1-6.4含Mermaid)
  修正: 元特征矩阵40→43维(新增confidence维度)
23:05 更新日志完成
完成态: PLAN-details.md 1081行, 三处缺口已闭合
